Added Component: Designator=C?(CAPRR508W50L508T317H508)
Add component (AddParameter): Name = "Check_prices"; Value = "https://www.snapeda.com/parts/SR211C104KARTR1/AVX/view-part/?ref=eda"; VariantName = "[No Variations]"
Add component (AddParameter): Name = "MF"; Value = "AVX"; VariantName = "[No Variations]"
Add component (AddParameter): Name = "MP"; Value = "SR211C104KARTR1"; VariantName = "[No Variations]"
Add component (AddParameter): Name = "Package"; Value = "Radial AVX Interconnect / Elco"; VariantName = "[No Variations]"
Add component (AddParameter): Name = "SnapEDA_Link"; Value = "https://www.snapeda.com/parts/SR211C104KARTR1/AVX/view-part/?ref=snap"; VariantName = "[No Variations]"
Add component (AddParameter): Name = "Value"; Value = ""; VariantName = "[No Variations]"
Added Component: Designator=C?(CAPRR508W50L508T317H508)
Add component (AddParameter): Name = "Check_prices"; Value = "https://www.snapeda.com/parts/SR211C104KARTR1/AVX/view-part/?ref=eda"; VariantName = "[No Variations]"
Add component (AddParameter): Name = "MF"; Value = "AVX"; VariantName = "[No Variations]"
Add component (AddParameter): Name = "MP"; Value = "SR211C104KARTR1"; VariantName = "[No Variations]"
Add component (AddParameter): Name = "Package"; Value = "Radial AVX Interconnect / Elco"; VariantName = "[No Variations]"
Add component (AddParameter): Name = "SnapEDA_Link"; Value = "https://www.snapeda.com/parts/SR211C104KARTR1/AVX/view-part/?ref=snap"; VariantName = "[No Variations]"
Add component (AddParameter): Name = "Value"; Value = ""; VariantName = "[No Variations]"
Added Pin To Net: NetName=A01 Pin=C?-1
Added Pin To Net: NetName=B01 Pin=C?-1
Added Pin To Net: NetName=A02 Pin=C?-2
Added Pin To Net: NetName=B02 Pin=C?-2
Added Member To Class: ClassName=sodonguyenly Member=Component C? SR211C104KARTR1
Added Member To Class: ClassName=sodonguyenly Member=Component C? ECA1CHG471B
Added Member To Class: ClassName=sodonguyenly Member=Component C? SR211C104KARTR1
Added Member To Class: ClassName=sodonguyenly Member=Component C? ECA1CHG471B
Added Member To Class: ClassName=sodonguyenly Member=Component Pin? Pin
Added Room: Name=sodonguyenly
