Added Pin To Net: NetName=GND Pin=M?-4
Added Pin To Net: NetName=GND Pin=M?-8
Added Pin To Net: NetName=GND Pin=P?-2
Added Pin To Net: NetName=GND Pin=P?-GND
Added Pin To Net: NetName=GND Pin=P?-GND
Added Pin To Net: NetName=GND Pin=P?-GND
Added Pin To Net: NetName=GND Pin=P?-GND
Added Pin To Net: NetName=GND Pin=P?-GND
Added Pin To Net: NetName=GND Pin=Pin?-2
Added Pin To Net: NetName=GND Pin=ST??-21
Added Net: Name=GND
Added Pin To Net: NetName=NetLabel109 Pin=ST??-9
Added Net: Name=NetLabel109
Added Pin To Net: NetName=NetLabel110 Pin=ST??-10
Added Net: Name=NetLabel110
Added Pin To Net: NetName=NetLabel111 Pin=ST??-11
Added Net: Name=NetLabel111
Added Pin To Net: NetName=NetLabel112 Pin=ST??-12
Added Net: Name=NetLabel112
Added Pin To Net: NetName=NetLabel113 Pin=ST??-13
Added Net: Name=NetLabel113
Added Pin To Net: NetName=NetLabel120 Pin=ST??-18
Added Net: Name=NetLabel120
Added Pin To Net: NetName=NetLabel121 Pin=ST??-19
Added Net: Name=NetLabel121
Added Pin To Net: NetName=NetM?_5 Pin=M?-5
Added Pin To Net: NetName=NetM?_5 Pin=Sw?-2
Added Net: Name=NetM?_5
Added Pin To Net: NetName=NetPin?_1 Pin=Pin?-1
Added Pin To Net: NetName=NetPin?_1 Pin=Sw?-1
Added Net: Name=NetPin?_1
Add Net: Net with name "NetPin?_1" already exists
Added Pin To Net: NetName=RX Pin=P?-4
Added Pin To Net: NetName=RX Pin=ST??-14
Added Net: Name=RX
Added Pin To Net: NetName=SCL Pin=P?-SCL
Added Pin To Net: NetName=SCL Pin=P?-SCL
Added Pin To Net: NetName=SCL Pin=P?-SCL
Added Pin To Net: NetName=SCL Pin=P?-SCL
Added Pin To Net: NetName=SCL Pin=P?-SCL
Added Pin To Net: NetName=SCL Pin=ST??-7
Added Net: Name=SCL
Added Pin To Net: NetName=SDA Pin=P?-SDA
Added Pin To Net: NetName=SDA Pin=P?-SDA
Added Pin To Net: NetName=SDA Pin=P?-SDA
Added Pin To Net: NetName=SDA Pin=P?-SDA
Added Pin To Net: NetName=SDA Pin=P?-SDA
Added Pin To Net: NetName=SDA Pin=ST??-6
Added Net: Name=SDA
Added Pin To Net: NetName=TX Pin=P?-3
Added Pin To Net: NetName=TX Pin=ST??-15
Added Net: Name=TX
Added Pin To Net: NetName=Vin3V3 Pin=M?-1
Added Pin To Net: NetName=Vin3V3 Pin=P?-1
Added Pin To Net: NetName=Vin3V3 Pin=P?-VCC
Added Pin To Net: NetName=Vin3V3 Pin=P?-VCC
Added Pin To Net: NetName=Vin3V3 Pin=P?-VCC
Added Pin To Net: NetName=Vin3V3 Pin=P?-VCC
Added Pin To Net: NetName=Vin3V3 Pin=P?-VCC
Added Pin To Net: NetName=Vin3V3 Pin=ST??-1
Added Net: Name=Vin3V3
Added Member To Class: ClassName=sodonguyenly Member=Component En? Encoder
Added Member To Class: ClassName=sodonguyenly Member=Component P? Pin6x
Added Member To Class: ClassName=sodonguyenly Member=Component P? Pin6x
Added Member To Class: ClassName=sodonguyenly Member=Component P? Pin6x
Added Member To Class: ClassName=sodonguyenly Member=Component P? Pin6x
Added Member To Class: ClassName=sodonguyenly Member=Component P? Pin4x
Added Member To Class: ClassName=sodonguyenly Member=Component Pin? Pin
Added Room: Name=sodonguyenly
