Change Component Designator: OldDesignator=C? NewDesignator=CML
Change Component Designator: OldDesignator=C? NewDesignator=CMR
Added Component: Designator=CEL(CAPRR508W50L508T317H508)
Add component (AddParameter): Name = "Check_prices"; Value = "https://www.snapeda.com/parts/SR211C104KARTR1/AVX/view-part/?ref=eda"; VariantName = "[No Variations]"
Add component (AddParameter): Name = "MF"; Value = "AVX"; VariantName = "[No Variations]"
Add component (AddParameter): Name = "MP"; Value = "SR211C104KARTR1"; VariantName = "[No Variations]"
Add component (AddParameter): Name = "Package"; Value = "Radial AVX Interconnect / Elco"; VariantName = "[No Variations]"
Add component (AddParameter): Name = "SnapEDA_Link"; Value = "https://www.snapeda.com/parts/SR211C104KARTR1/AVX/view-part/?ref=snap"; VariantName = "[No Variations]"
Add component (AddParameter): Name = "Value"; Value = ""; VariantName = "[No Variations]"
Added Component: Designator=CER(CAPRR508W50L508T317H508)
Add component (AddParameter): Name = "Check_prices"; Value = "https://www.snapeda.com/parts/SR211C104KARTR1/AVX/view-part/?ref=eda"; VariantName = "[No Variations]"
Add component (AddParameter): Name = "MF"; Value = "AVX"; VariantName = "[No Variations]"
Add component (AddParameter): Name = "MP"; Value = "SR211C104KARTR1"; VariantName = "[No Variations]"
Add component (AddParameter): Name = "Package"; Value = "Radial AVX Interconnect / Elco"; VariantName = "[No Variations]"
Add component (AddParameter): Name = "SnapEDA_Link"; Value = "https://www.snapeda.com/parts/SR211C104KARTR1/AVX/view-part/?ref=snap"; VariantName = "[No Variations]"
Add component (AddParameter): Name = "Value"; Value = ""; VariantName = "[No Variations]"
Added Component: Designator=SW1(SW4)
Add component (AddParameter): Name = "Value"; Value = "Button chip 4 pin"; VariantName = "[No Variations]"
Added Component: Designator=SW1(SW4)
Add component (AddParameter): Name = "Value"; Value = "Button chip 4 pin"; VariantName = "[No Variations]"
Added Pin To Net: NetName=3V3 Pin=CEL-1
Added Pin To Net: NetName=GND Pin=CEL-2
Added Pin To Net: NetName=3V3 Pin=CER-1
Added Pin To Net: NetName=GND Pin=CER-2
Added Pin To Net: NetName=GND Pin=SW1-2
Added Pin To Net: NetName=GND Pin=SW1-4
Added Pin To Net: NetName=NetSTM32_4 Pin=STM32-4
Added Pin To Net: NetName=NetSTM32_4 Pin=SW1-3
Added Net: Name=NetSTM32_4
Added Pin To Net: NetName=NetSTM32_5 Pin=STM32-5
Added Pin To Net: NetName=NetSTM32_5 Pin=SW1-1
Added Net: Name=NetSTM32_5
Added Member To Class: ClassName=sodonguyenly Member=Component C? ECA1CHG471B
Added Member To Class: ClassName=sodonguyenly Member=Component C? JP6
Added Member To Class: ClassName=sodonguyenly Member=Component CEL SR211C104KARTR1
Added Member To Class: ClassName=sodonguyenly Member=Component CER SR211C104KARTR1
Added Member To Class: ClassName=sodonguyenly Member=Component CML SR211C104KARTR1
Added Member To Class: ClassName=sodonguyenly Member=Component CMR SR211C104KARTR1
Added Member To Class: ClassName=sodonguyenly Member=Component Pin? Pin
Added Member To Class: ClassName=sodonguyenly Member=Component SW1 SW
Added Member To Class: ClassName=sodonguyenly Member=Component SW1 SW
Added Room: Name=sodonguyenly
