Added Pin To Net: NetName=3V3 Pin=stm1-18
Added Pin To Net: NetName=3V3 Pin=stm2-20
Added Net: Name=3V3
Added Pin To Net: NetName=5V Pin=stm2-18
Added Net: Name=5V
Added Pin To Net: NetName=GND Pin=motor-1
Added Pin To Net: NetName=GND Pin=motor-6
Added Pin To Net: NetName=GND Pin=senF-2
Added Pin To Net: NetName=GND Pin=senL-2
Added Pin To Net: NetName=GND Pin=senR-2
Added Pin To Net: NetName=GND Pin=stm1-19
Added Pin To Net: NetName=GND Pin=stm2-19
Added Pin To Net: NetName=GND Pin=UART-2
Added Net: Name=GND
Added Pin To Net: NetName=GNS Pin=stm1-20
Added Net: Name=GNS
Added Pin To Net: NetName=PA0 Pin=stm1-5
Added Net: Name=PA0
Added Pin To Net: NetName=PA1 Pin=stm1-6
Added Net: Name=PA1
Added Pin To Net: NetName=PA2 Pin=stm1-7
Added Net: Name=PA2
Added Pin To Net: NetName=PA3 Pin=stm1-8
Added Net: Name=PA3
Added Pin To Net: NetName=PA4 Pin=stm1-9
Added Net: Name=PA4
Added Pin To Net: NetName=PA5 Pin=stm1-10
Added Net: Name=PA5
Added Pin To Net: NetName=PA6 Pin=stm1-11
Added Net: Name=PA6
Added Pin To Net: NetName=PA7 Pin=stm1-12
Added Net: Name=PA7
Added Pin To Net: NetName=PA8 Pin=stm2-5
Added Net: Name=PA8
Added Pin To Net: NetName=PA9 Pin=stm2-6
Added Net: Name=PA9
Added Pin To Net: NetName=PA10 Pin=stm2-7
Added Net: Name=PA10
Added Pin To Net: NetName=PA11 Pin=stm2-8
Added Net: Name=PA11
Added Pin To Net: NetName=PA12 Pin=senR-6
Added Pin To Net: NetName=PA12 Pin=stm2-9
Added Net: Name=PA12
Added Pin To Net: NetName=PA15 Pin=senF-6
Added Pin To Net: NetName=PA15 Pin=stm2-10
Added Net: Name=PA15
Added Pin To Net: NetName=PB0 Pin=stm1-13
Added Net: Name=PB0
Added Pin To Net: NetName=PB1 Pin=stm1-14
Added Net: Name=PB1
Added Pin To Net: NetName=PB3 Pin=senL-6
Added Pin To Net: NetName=PB3 Pin=stm2-11
Added Net: Name=PB3
Added Pin To Net: NetName=PB4 Pin=stm2-12
Added Net: Name=PB4
Added Pin To Net: NetName=PB5 Pin=stm2-13
Added Net: Name=PB5
Added Pin To Net: NetName=PB6 Pin=senF-3
Added Pin To Net: NetName=PB6 Pin=senL-3
Added Pin To Net: NetName=PB6 Pin=senR-3
Added Pin To Net: NetName=PB6 Pin=stm2-14
Added Net: Name=PB6
Added Pin To Net: NetName=PB7 Pin=senF-4
Added Pin To Net: NetName=PB7 Pin=senL-4
Added Pin To Net: NetName=PB7 Pin=senR-4
Added Pin To Net: NetName=PB7 Pin=stm2-15
Added Net: Name=PB7
Added Pin To Net: NetName=PB8 Pin=stm2-16
Added Net: Name=PB8
Added Pin To Net: NetName=PB9 Pin=stm2-17
Added Net: Name=PB9
Added Pin To Net: NetName=PB10 Pin=stm1-15
Added Net: Name=PB10
Added Pin To Net: NetName=PB11 Pin=stm1-16
Added Net: Name=PB11
Added Pin To Net: NetName=PB12 Pin=stm2-1
Added Net: Name=PB12
Added Pin To Net: NetName=PB13 Pin=stm2-2
Added Net: Name=PB13
Added Pin To Net: NetName=PB14 Pin=stm2-3
Added Net: Name=PB14
Added Pin To Net: NetName=PB15 Pin=stm2-4
Added Net: Name=PB15
Added Pin To Net: NetName=PC13 Pin=stm1-2
Added Net: Name=PC13
Added Pin To Net: NetName=PC14 Pin=stm1-3
Added Net: Name=PC14
Added Pin To Net: NetName=PC15 Pin=stm1-4
Added Net: Name=PC15
Added Pin To Net: NetName=RES Pin=stm1-17
Added Net: Name=RES
Added Pin To Net: NetName=RX Pin=UART-4
Added Net: Name=RX
Added Pin To Net: NetName=TX Pin=UART-3
Added Net: Name=TX
Added Pin To Net: NetName=V3V3 Pin=senF-1
Added Pin To Net: NetName=V3V3 Pin=senL-1
Added Pin To Net: NetName=V3V3 Pin=senR-1
Added Pin To Net: NetName=V3V3 Pin=UART-1
Added Net: Name=V3V3
Added Pin To Net: NetName=VBT Pin=stm1-1
Added Net: Name=VBT
Added Room: Name=sodonguyenly
