Added Pin To Net: NetName=senR Pin=senR-XSHUT
Added Pin To Net: NetName=3V3 Pin=ENL-VCC
Added Pin To Net: NetName=3V3 Pin=ENR-VCC
Added Pin To Net: NetName=3V3 Pin=STM32-23
Added Net: Name=3V3
Added Pin To Net: NetName=AIN1 Pin=STM32-27
Added Net: Name=AIN1
Added Pin To Net: NetName=AIN2 Pin=STM32-28
Added Net: Name=AIN2
Added Pin To Net: NetName=BIN1 Pin=STM32-26
Added Net: Name=BIN1
Added Pin To Net: NetName=BIN2 Pin=STM32-25
Added Net: Name=BIN2
Added Pin To Net: NetName=ENLA Pin=ENL-C1
Added Pin To Net: NetName=ENLA Pin=STM32-35
Added Net: Name=ENLA
Added Pin To Net: NetName=ENLB Pin=ENL-C2
Added Pin To Net: NetName=ENLB Pin=STM32-36
Added Net: Name=ENLB
Added Pin To Net: NetName=ENRA Pin=ENR-C1
Added Pin To Net: NetName=ENRA Pin=STM32-30
Added Net: Name=ENRA
Added Pin To Net: NetName=ENRB Pin=ENR-C2
Added Pin To Net: NetName=ENRB Pin=STM32-29
Added Net: Name=ENRB
Added Member To Class: ClassName=sodonguyenly Member=Component ENR Encoder
Added Member To Class: ClassName=sodonguyenly Member=Component Pin? Pin
Added Member To Class: ClassName=sodonguyenly Member=Component senL Pin6x
Added Room: Name=sodonguyenly
