Removed Pin From Net: NetName=Vin3V3 Pin=C1-1
Removed Pin From Net: NetName=GND Pin=C1-2
Removed Pin From Net: NetName=Vin3V3 Pin=C3-1
Removed Pin From Net: NetName=GND Pin=C3-2
Removed Pin From Net: NetName=Vin3V3 Pin=C5-1
Removed Pin From Net: NetName=GND Pin=C5-2
Removed Pin From Net: NetName=Vin3V3 Pin=C7-1
Removed Pin From Net: NetName=GND Pin=C7-2
Removed Pin From Net: NetName=Vin3V3 Pin=C9-1
Removed Pin From Net: NetName=GND Pin=C9-2
Removed Member From Class: ClassName=sodonguyenly Member=C1
Removed Member From Class: ClassName=sodonguyenly Member=C3
Removed Member From Class: ClassName=sodonguyenly Member=C5
Removed Member From Class: ClassName=sodonguyenly Member=C7
Removed Member From Class: ClassName=sodonguyenly Member=C9
Added Member To Class: ClassName=sodonguyenly Member=Component C? ECA1CHG471B
Added Member To Class: ClassName=sodonguyenly Member=Component C? SR211C104KARTR1
Added Member To Class: ClassName=sodonguyenly Member=Component C? SR211C104KARTR1
Added Member To Class: ClassName=sodonguyenly Member=Component C? ECA1CHG471B
Added Member To Class: ClassName=sodonguyenly Member=Component Pin? Pin
Added Room: Name=sodonguyenly
