Removed Member From Class: ClassName=sodonguyenly Member=1
Removed Member From Class: ClassName=sodonguyenly Member=2
Removed Member From Class: ClassName=sodonguyenly Member=IN+
Removed Member From Class: ClassName=sodonguyenly Member=IN-
Removed Member From Class: ClassName=sodonguyenly Member=motor
Removed Member From Class: ClassName=sodonguyenly Member=motorL
Removed Member From Class: ClassName=sodonguyenly Member=motorR
Removed Member From Class: ClassName=sodonguyenly Member=OUT+
Removed Member From Class: ClassName=sodonguyenly Member=OUT-
Removed Member From Class: ClassName=sodonguyenly Member=pwm
Removed Member From Class: ClassName=sodonguyenly Member=senF
Removed Member From Class: ClassName=sodonguyenly Member=senL1
Removed Member From Class: ClassName=sodonguyenly Member=senL
Removed Member From Class: ClassName=sodonguyenly Member=senR1
Removed Member From Class: ClassName=sodonguyenly Member=senR
Removed Member From Class: ClassName=sodonguyenly Member=stm1
Removed Member From Class: ClassName=sodonguyenly Member=stm2
Removed Member From Class: ClassName=sodonguyenly Member=switch
Removed Member From Class: ClassName=sodonguyenly Member=UART
Added Component: Designator=En?(Encoder)
Added Component: Designator=En?(Encoder)
Added Component: Designator=M?(MP1584EN)
Added Component: Designator=P?(Pin6X)
Added Component: Designator=P?(Pin6X)
Added Component: Designator=P?(Pin6X)
Added Component: Designator=P?(Pin6X)
Added Component: Designator=P?(Pin6X)
Added Component: Designator=T??(TB6612)
Added Member To Class: ClassName=sodonguyenly Member=Component En? Encoder
Added Member To Class: ClassName=sodonguyenly Member=Component En? Encoder
Added Member To Class: ClassName=sodonguyenly Member=Component M? MP1584EN
Added Member To Class: ClassName=sodonguyenly Member=Component P? Pin6x
Added Member To Class: ClassName=sodonguyenly Member=Component P? Pin6x
Added Member To Class: ClassName=sodonguyenly Member=Component P? Pin6x
Added Member To Class: ClassName=sodonguyenly Member=Component P? Pin6x
Added Member To Class: ClassName=sodonguyenly Member=Component P? Pin6x
Added Member To Class: ClassName=sodonguyenly Member=Component T?? TB6612
Added Room: Name=sodonguyenly
