Removed Pin From Net: NetName=TX Pin=UART-3
Removed Pin From Net: NetName=RX Pin=UART-4
Added Component: Designator=C?(JP6-C1T)
Add component (AddParameter): Name = "ComponentLink1 Description"; Value = "Manufacturer"; VariantName = "[No Variations]"
Add component (AddParameter): Name = "ComponentLink1URL"; Value = "http://www.we-online.com"; VariantName = "[No Variations]"
Add component (AddParameter): Name = "ComponentLink2 Description"; Value = "Datasheet"; VariantName = "[No Variations]"
Add component (AddParameter): Name = "ComponentLink2URL"; Value = "http://katalog.we-online.de/em/datasheet/6130xx143121.pdf"; VariantName = "[No Variations]"
Add component (AddParameter): Name = "Created by"; Value = "Karrer Zheng"; VariantName = "[No Variations]"
Add component (AddParameter): Name = "Created Date"; Value = "29 March 2013"; VariantName = "[No Variations]"
Add component (AddParameter): Name = "Manufacturer"; Value = "W¨¹rth Elektronik eiSos GmbH"; VariantName = "[No Variations]"
Add component (AddParameter): Name = "NoPins"; Value = "06"; VariantName = "[No Variations]"
Add component (AddParameter): Name = "partNo"; Value = "613006143121"; VariantName = "[No Variations]"
Added Pin To Net: NetName=RX Pin=UART-3
Added Pin To Net: NetName=TX Pin=UART-4
Added Member To Class: ClassName=sodonguyenly Member=Component C? JP6
Added Member To Class: ClassName=sodonguyenly Member=Component C? ECA1CHG471B
Added Member To Class: ClassName=sodonguyenly Member=Component C? ECA1CHG471B
Added Member To Class: ClassName=sodonguyenly Member=Component Pin? Pin
Added Member To Class: ClassName=sodonguyenly Member=Component STM32 STM32F1
Added Member To Class: ClassName=sodonguyenly Member=Component SW1 SW
Added Room: Name=sodonguyenly
