Change Component Footprint: Designator=C? Old Footprint=CAPRR508W50L508T317H508 New Footprint=CAPPRD500W60D800H1150
Change Component Comment : Designator=C? Old Comment=SR211C104KARTR1 New Comment=ECA1CHG471B
Change component parameters: Designator = "C?" ("C?"); Footprint = "CAPRR508W50L508T317H508"; UniqueID = "\ZNPDLLQM" ("\ZNPDLLQM")
Change component parameters (AddParameter): Name = "Availability"; Value = "Unavailable"; VariantName = "[No Variations]"
Change component parameters (AddParameter): Name = "MF"; Value = ""; VariantName = "[No Variations]"
Change component parameters (AddParameter): Name = "MP"; Value = "ECA1CHG471B"; VariantName = "[No Variations]"
Change component parameters (AddParameter): Name = "Package"; Value = "None"; VariantName = "[No Variations]"
Change component parameters (AddParameter): Name = "Price"; Value = "None"; VariantName = "[No Variations]"
Change component parameters (AddParameter): Name = "Value"; Value = ""; VariantName = "[No Variations]"
Added Pin To Net: NetName=GND Pin=C?-N
Added Pin To Net: NetName=GND Pin=C?-N
Added Pin To Net: NetName=8V7 Pin=C?-P
Added Pin To Net: NetName=NetC?_P Pin=C?-P
Added Pin To Net: NetName=NetC?_P Pin=Pin?-1
Added Pin To Net: NetName=NetC?_P Pin=Sw?-2
Added Net: Name=NetC?_P
Added Member To Class: ClassName=sodonguyenly Member=Component C? ECA1CHG471B
Added Member To Class: ClassName=sodonguyenly Member=Component C? ECA1CHG471B
Added Member To Class: ClassName=sodonguyenly Member=Component Pin? Pin
Added Room: Name=sodonguyenly
