Added Component: Designator=C?(JP8-C1T)
Add component (AddParameter): Name = "ComponentLink1 Description"; Value = "Manufacturer"; VariantName = "[No Variations]"
Add component (AddParameter): Name = "ComponentLink1URL"; Value = "http://www.we-online.com"; VariantName = "[No Variations]"
Add component (AddParameter): Name = "ComponentLink2 Description"; Value = "Datasheet"; VariantName = "[No Variations]"
Add component (AddParameter): Name = "ComponentLink2URL"; Value = "http://katalog.we-online.de/em/datasheet/6130xx143121.pdf"; VariantName = "[No Variations]"
Add component (AddParameter): Name = "Created by"; Value = "Karrer Zheng"; VariantName = "[No Variations]"
Add component (AddParameter): Name = "Created Date"; Value = "29 March 2013"; VariantName = "[No Variations]"
Add component (AddParameter): Name = "Manufacturer"; Value = "W¨¹rth Elektronik eiSos GmbH"; VariantName = "[No Variations]"
Add component (AddParameter): Name = "NoPins"; Value = "08"; VariantName = "[No Variations]"
Add component (AddParameter): Name = "partNo"; Value = "613008143121"; VariantName = "[No Variations]"
Added Pin To Net: NetName=NetC?_1 Pin=C?-1
Added Net: Name=NetC?_1
Add Net: Net with name "NetC?_1" already exists
Added Pin To Net: NetName=NetC?_2 Pin=C?-2
Added Net: Name=NetC?_2
Add Net: Net with name "NetC?_2" already exists
Added Pin To Net: NetName=NetC?_3 Pin=C?-3
Added Net: Name=NetC?_3
Add Net: Net with name "NetC?_3" already exists
Added Pin To Net: NetName=NetC?_4 Pin=C?-4
Added Net: Name=NetC?_4
Add Net: Net with name "NetC?_4" already exists
Added Pin To Net: NetName=NetC?_5 Pin=C?-5
Added Net: Name=NetC?_5
Add Net: Net with name "NetC?_5" already exists
Added Pin To Net: NetName=NetC?_6 Pin=C?-6
Added Net: Name=NetC?_6
Added Pin To Net: NetName=NetC?_7 Pin=C?-7
Added Net: Name=NetC?_7
Add Net: Net with name "NetC?_7" already exists
Added Pin To Net: NetName=NetC?_8 Pin=C?-8
Added Net: Name=NetC?_8
Added Member To Class: ClassName=sodonguyenly Member=Component C? JP20
Added Member To Class: ClassName=sodonguyenly Member=Component C? JP8
Added Member To Class: ClassName=sodonguyenly Member=Component C? JP6
Added Member To Class: ClassName=sodonguyenly Member=Component C? JP8
Added Member To Class: ClassName=sodonguyenly Member=Component C? JP4
Added Member To Class: ClassName=sodonguyenly Member=Component C? JP20
Added Member To Class: ClassName=sodonguyenly Member=Component C? JP6
Added Member To Class: ClassName=sodonguyenly Member=Component C? JP6
