Added Component: Designator=motorL(JP6-C1T)
Add component (AddParameter): Name = "ComponentLink1 Description"; Value = "Manufacturer"; VariantName = "[No Variations]"
Add component (AddParameter): Name = "ComponentLink1URL"; Value = "http://www.we-online.com"; VariantName = "[No Variations]"
Add component (AddParameter): Name = "ComponentLink2 Description"; Value = "Datasheet"; VariantName = "[No Variations]"
Add component (AddParameter): Name = "ComponentLink2URL"; Value = "http://katalog.we-online.de/em/datasheet/6130xx143121.pdf"; VariantName = "[No Variations]"
Add component (AddParameter): Name = "Created by"; Value = "Karrer Zheng"; VariantName = "[No Variations]"
Add component (AddParameter): Name = "Created Date"; Value = "29 March 2013"; VariantName = "[No Variations]"
Add component (AddParameter): Name = "Manufacturer"; Value = "W¨¹rth Elektronik eiSos GmbH"; VariantName = "[No Variations]"
Add component (AddParameter): Name = "NoPins"; Value = "06"; VariantName = "[No Variations]"
Add component (AddParameter): Name = "partNo"; Value = "613006143121"; VariantName = "[No Variations]"
Added Component: Designator=motorR(JP6-C1T)
Add component (AddParameter): Name = "ComponentLink1 Description"; Value = "Manufacturer"; VariantName = "[No Variations]"
Add component (AddParameter): Name = "ComponentLink1URL"; Value = "http://www.we-online.com"; VariantName = "[No Variations]"
Add component (AddParameter): Name = "ComponentLink2 Description"; Value = "Datasheet"; VariantName = "[No Variations]"
Add component (AddParameter): Name = "ComponentLink2URL"; Value = "http://katalog.we-online.de/em/datasheet/6130xx143121.pdf"; VariantName = "[No Variations]"
Add component (AddParameter): Name = "Created by"; Value = "Karrer Zheng"; VariantName = "[No Variations]"
Add component (AddParameter): Name = "Created Date"; Value = "29 March 2013"; VariantName = "[No Variations]"
Add component (AddParameter): Name = "Manufacturer"; Value = "W¨¹rth Elektronik eiSos GmbH"; VariantName = "[No Variations]"
Add component (AddParameter): Name = "NoPins"; Value = "06"; VariantName = "[No Variations]"
Add component (AddParameter): Name = "partNo"; Value = "613006143121"; VariantName = "[No Variations]"
Added Pin To Net: NetName=NetIN+_1 Pin=motor-8
Added Pin To Net: NetName=GND Pin=motorL-2
Added Pin To Net: NetName=PA0 Pin=motorL-3
Added Pin To Net: NetName=PA1 Pin=motorL-4
Added Pin To Net: NetName=GND Pin=motorR-2
Added Pin To Net: NetName=PA6 Pin=motorR-3
Added Pin To Net: NetName=PA7 Pin=motorR-4
Change Net Name : Old Net Name=NetIN+_1 New Net Name=8V7
Added Pin To Net: NetName=M1L Pin=motor-5
Added Pin To Net: NetName=M1L Pin=motorL-1
Added Net: Name=M1L
Added Pin To Net: NetName=M1R Pin=motor-2
Added Pin To Net: NetName=M1R Pin=motorR-1
Added Net: Name=M1R
Added Pin To Net: NetName=M2L Pin=motor-4
Added Pin To Net: NetName=M2L Pin=motorL-6
Added Net: Name=M2L
Added Pin To Net: NetName=M2R Pin=motor-3
Added Pin To Net: NetName=M2R Pin=motorR-6
Added Net: Name=M2R
Added Member To Class: ClassName=sodonguyenly Member=Component motorL JP6
Added Member To Class: ClassName=sodonguyenly Member=Component motorR JP6
Added Room: Name=sodonguyenly
