Removed Pin From Net: NetName=Vin3v3 Pin=OUT+-1
Removed Pin From Net: NetName=Vin3v3 Pin=OUT+-2
Removed Pin From Net: NetName=Vin3v3 Pin=pwm-4
Removed Pin From Net: NetName=Vin3v3 Pin=senF-1
Removed Pin From Net: NetName=Vin3v3 Pin=senL1-1
Removed Pin From Net: NetName=Vin3v3 Pin=senL-1
Removed Pin From Net: NetName=Vin3v3 Pin=senR1-1
Removed Pin From Net: NetName=Vin3v3 Pin=senR-1
Removed Pin From Net: NetName=Vin3v3 Pin=stm1-18
Removed Pin From Net: NetName=Vin3v3 Pin=UART-1
Change Net Name : Old Net Name=Vin3v3 New Net Name=GND
Added Pin To Net: NetName=Vin3v3 Pin=OUT+-1
Added Pin To Net: NetName=Vin3v3 Pin=OUT+-2
Added Pin To Net: NetName=Vin3v3 Pin=pwm-4
Added Pin To Net: NetName=Vin3v3 Pin=senF-1
Added Pin To Net: NetName=Vin3v3 Pin=senL-1
Added Pin To Net: NetName=Vin3v3 Pin=senL1-1
Added Pin To Net: NetName=Vin3v3 Pin=senR-1
Added Pin To Net: NetName=Vin3v3 Pin=senR1-1
Added Pin To Net: NetName=Vin3v3 Pin=stm1-18
Added Pin To Net: NetName=Vin3v3 Pin=UART-1
Added Net: Name=Vin3v3
